<?xml version="1.0" encoding="UTF-8"?>
<testsuite xmlns:xsi="http://www.w3.org/2001/XMLSchema-instance" xsi:noNamespaceSchemaLocation="https://maven.apache.org/surefire/maven-surefire-plugin/xsd/surefire-test-report-3.0.xsd" version="3.0" name="com.example.boxdelivery.BoxServiceTests" time="7.539" tests="1" errors="0" skipped="0" failures="0">
  <properties>
[...]
</properties>
  <testcase name="load_within_limit_and_battery_ok" classname="com.example.boxdelivery.BoxServiceTests" time="0.712">
    <system-out><![CDATA[09:47:37.485 [main] INFO org.springframework.test.context.support.AnnotationConfigContextLoaderUtils -- Could not detect default configuration classes for test class [com.example.boxdelivery.BoxServiceTests]: BoxServiceTests does not declare any static, non-private, non-final, nested classes annotated with @Configuration.
09:47:37.613 [main] INFO org.springframework.boot.test.context.SpringBootTestContextBootstrapper -- Found @SpringBootConfiguration com.example.boxdelivery.BoxDeliveryApplication for test class com.example.boxdelivery.BoxServiceTests

  .   ____          _            __ _ _
 /\\ / ___'_ __ _ _(_)_ __  __ _ \ \ \ \
( ( )\___ | '_ | '_| | '_ \/ _` | \ \ \ \
 \\/  ___)| |_)| | | | | || (_| |  ) ) ) )
  '  |____| .__|_| |_|_| |_\__, | / / / /
 =========|_|==============|___/=/_/_/_/

 :: Spring Boot ::                (v3.3.2)

2025-09-04T09:47:38.046+01:00  INFO 44196 --- [           main] c.example.boxdelivery.BoxServiceTests    : Starting BoxServiceTests using Java 17.0.9 with PID 44196 (started by bukola in C:\Users\adeso\Downloads\box-delivery)
2025-09-04T09:47:38.047+01:00  INFO 44196 --- [           main] c.example.boxdelivery.BoxServiceTests    : No active profile set, falling back to 1 default profile: "default"
2025-09-04T09:47:40.430+01:00  INFO 44196 --- [           main] .s.d.r.c.RepositoryConfigurationDelegate : Bootstrapping Spring Data JPA repositories in DEFAULT mode.
2025-09-04T09:47:40.488+01:00  INFO 44196 --- [           main] .s.d.r.c.RepositoryConfigurationDelegate : Finished Spring Data repository scanning in 50 ms. Found 2 JPA repository interfaces.
2025-09-04T09:47:40.985+01:00  INFO 44196 --- [           main] o.hibernate.jpa.internal.util.LogHelper  : HHH000204: Processing PersistenceUnitInfo [name: default]
2025-09-04T09:47:41.066+01:00  INFO 44196 --- [           main] org.hibernate.Version                    : HHH000412: Hibernate ORM core version 6.5.2.Final
2025-09-04T09:47:41.106+01:00  INFO 44196 --- [           main] o.h.c.internal.RegionFactoryInitiator    : HHH000026: Second-level cache disabled
2025-09-04T09:47:41.511+01:00  INFO 44196 --- [           main] o.s.o.j.p.SpringPersistenceUnitInfo      : No LoadTimeWeaver setup: ignoring JPA class transformer
2025-09-04T09:47:41.891+01:00  INFO 44196 --- [           main] com.zaxxer.hikari.HikariDataSource       : HikariPool-1 - Starting...
2025-09-04T09:47:42.046+01:00  INFO 44196 --- [           main] com.zaxxer.hikari.pool.HikariPool        : HikariPool-1 - Added connection conn0: url=jdbc:h2:mem:boxesdb user=SA
2025-09-04T09:47:42.047+01:00  INFO 44196 --- [           main] com.zaxxer.hikari.HikariDataSource       : HikariPool-1 - Start completed.
2025-09-04T09:47:42.871+01:00  INFO 44196 --- [           main] o.h.e.t.j.p.i.JtaPlatformInitiator       : HHH000489: No JTA platform available (set 'hibernate.transaction.jta.platform' to enable JTA platform integration)
Hibernate: create table boxes (id bigint generated by default as identity, battery_capacity integer not null check ((battery_capacity<=100) and (battery_capacity>=0)), state enum ('DELIVERED','DELIVERING','IDLE','LOADED','LOADING','RETURNING'), txref varchar(20) not null, weight_limit integer not null check (weight_limit<=500), primary key (id))
Hibernate: create table items (id bigint generated by default as identity, code varchar(255) not null, name varchar(255) not null, weight integer not null, box_id bigint, primary key (id))
Hibernate: alter table if exists boxes drop constraint if exists UK9031htdxd37ru2ljrcu0dhjwn
Hibernate: alter table if exists boxes add constraint UK9031htdxd37ru2ljrcu0dhjwn unique (txref)
Hibernate: alter table if exists items add constraint FK3ajgioeb0uvkjt5rlbstqxuuw foreign key (box_id) references boxes
2025-09-04T09:47:42.933+01:00  INFO 44196 --- [           main] j.LocalContainerEntityManagerFactoryBean : Initialized JPA EntityManagerFactory for persistence unit 'default'
2025-09-04T09:47:43.570+01:00  WARN 44196 --- [           main] JpaBaseConfiguration$JpaWebConfiguration : spring.jpa.open-in-view is enabled by default. Therefore, database queries may be performed during view rendering. Explicitly configure spring.jpa.open-in-view to disable this warning
2025-09-04T09:47:44.021+01:00  INFO 44196 --- [           main] o.s.b.a.h2.H2ConsoleAutoConfiguration    : H2 console available at '/h2-console'. Database available at 'jdbc:h2:mem:boxesdb'
2025-09-04T09:47:44.119+01:00  INFO 44196 --- [           main] c.example.boxdelivery.BoxServiceTests    : Started BoxServiceTests in 6.326 seconds (process running for 8.689)
Hibernate: insert into boxes (battery_capacity,state,txref,weight_limit,id) values (?,?,?,?,default)
Hibernate: insert into items (box_id,code,name,weight,id) values (?,?,?,?,default)
Hibernate: insert into items (box_id,code,name,weight,id) values (?,?,?,?,default)
]]></system-out>
  </testcase>
</testsuite>